2021-02-15 19:08:58.266 [main] INFO  com.yusiyu.edu.EduApplication - Starting EduApplication using Java 12.0.1 on LAPTOP-NQT0JJS5 with PID 18012 (F:\idea worksapse\spring_boot_project\service\service_edu\target\classes started by 23950 in F:\idea worksapse\spring_boot_project)
2021-02-15 19:08:58.268 [main] INFO  com.yusiyu.edu.EduApplication - The following profiles are active: dev
2021-02-15 19:08:58.915 [main] INFO  o.s.d.r.config.RepositoryConfigurationDelegate - Multiple Spring Data modules found, entering strict repository configuration mode!
2021-02-15 19:08:58.917 [main] INFO  o.s.d.r.config.RepositoryConfigurationDelegate - Bootstrapping Spring Data Redis repositories in DEFAULT mode.
2021-02-15 19:08:58.932 [main] INFO  o.s.d.r.config.RepositoryConfigurationDelegate - Finished Spring Data repository scanning in 6 ms. Found 0 Redis repository interfaces.
2021-02-15 19:08:59.255 [main] INFO  o.s.boot.web.embedded.tomcat.TomcatWebServer - Tomcat initialized with port(s): 8001 (http)
2021-02-15 19:08:59.266 [main] INFO  org.apache.coyote.http11.Http11NioProtocol - Initializing ProtocolHandler ["http-nio-8001"]
2021-02-15 19:08:59.267 [main] INFO  org.apache.catalina.core.StandardService - Starting service [Tomcat]
2021-02-15 19:08:59.267 [main] INFO  org.apache.catalina.core.StandardEngine - Starting Servlet engine: [Apache Tomcat/9.0.41]
2021-02-15 19:08:59.386 [main] INFO  o.a.c.core.ContainerBase.[Tomcat].[localhost].[/] - Initializing Spring embedded WebApplicationContext
2021-02-15 19:08:59.386 [main] INFO  o.s.b.w.s.c.ServletWebServerApplicationContext - Root WebApplicationContext: initialization completed in 1084 ms
2021-02-15 19:08:59.506 [main] INFO  com.zaxxer.hikari.HikariDataSource - HikariPool-1 - Starting...
2021-02-15 19:08:59.692 [main] INFO  com.zaxxer.hikari.HikariDataSource - HikariPool-1 - Start completed.
2021-02-15 19:09:00.007 [main] INFO  s.d.s.w.PropertySourcedRequestMappingHandlerMapping - Mapped URL path [/v2/api-docs] onto method [springfox.documentation.swagger2.web.Swagger2Controller#getDocumentation(String, HttpServletRequest)]
2021-02-15 19:09:00.070 [main] INFO  o.s.scheduling.concurrent.ThreadPoolTaskExecutor - Initializing ExecutorService 'applicationTaskExecutor'
2021-02-15 19:09:00.361 [main] INFO  org.apache.coyote.http11.Http11NioProtocol - Starting ProtocolHandler ["http-nio-8001"]
2021-02-15 19:09:00.374 [main] INFO  o.s.boot.web.embedded.tomcat.TomcatWebServer - Tomcat started on port(s): 8001 (http) with context path ''
2021-02-15 19:09:00.375 [main] INFO  s.d.s.web.plugins.DocumentationPluginsBootstrapper - Context refreshed
2021-02-15 19:09:00.383 [main] INFO  s.d.s.web.plugins.DocumentationPluginsBootstrapper - Found 1 custom documentation plugin(s)
2021-02-15 19:09:00.401 [main] INFO  s.d.spring.web.scanners.ApiListingReferenceScanner - Scanning for api listing references
2021-02-15 19:09:00.493 [main] INFO  com.yusiyu.edu.EduApplication - Started EduApplication in 2.534 seconds (JVM running for 3.34)
